18:55:59.303 INFO  [main][AnnotationConfigApplicationContext] Refreshing org.springframework.context.annotation.AnnotationConfigApplicationContext@29526c05: startup date [Wed Dec 07 18:55:59 IST 2016]; root of context hierarchy
18:56:00.598 INFO  [main][PostProcessorRegistrationDelegate$BeanPostProcessorChecker] Bean 'org.springframework.kafka.annotation.KafkaBootstrapConfiguration' of type [class org.springframework.kafka.annotation.KafkaBootstrapConfiguration$$EnhancerBySpringCGLIB$$888df4ec] is not eligible for getting processed by all BeanPostProcessors (for example: not eligible for auto-proxying)
18:56:00.917 INFO  [main][ThreadPoolTaskExecutor] Initializing ExecutorService 
18:56:01.177 INFO  [main][AnnotationMBeanExporter] Registering beans for JMX exposure on startup
18:56:01.223 INFO  [main][DefaultLifecycleProcessor] Starting beans in phase 0
18:56:01.632 INFO  [org.springframework.kafka.KafkaListenerEndpointContainer#0-0-kafka-consumer-1][KafkaMessageListenerContainer] partitions revoked:[]
18:56:01.653 INFO  [org.springframework.kafka.KafkaListenerEndpointContainer#0-0-kafka-consumer-1][KafkaMessageListenerContainer] partitions assigned:[f5sensor.data-0]
18:56:23.658 INFO  [org.springframework.kafka.KafkaListenerEndpointContainer#0-0-kafka-consumer-1][KafkaMessageListenerContainer$ListenerConsumer] Invoker timed out while waiting for shutdown and will be canceled.
18:56:23.659 INFO  [org.springframework.kafka.KafkaListenerEndpointContainer#0-0-kafka-consumer-1][KafkaMessageListenerContainer] partitions revoked:[f5sensor.data-0]
18:56:23.677 INFO  [org.springframework.kafka.KafkaListenerEndpointContainer#0-0-kafka-consumer-1][KafkaMessageListenerContainer] partitions assigned:[]
18:56:44.604 ERROR [org.springframework.kafka.KafkaListenerEndpointContainer#0-0-kafka-listener-1][LoggingErrorHandler] Error while processing: ConsumerRecord(topic = f5sensor.data, partition = 0, offset = 3747, CreateTime = 1481129773413, checksum = 2168214881, serialized key size = -1, serialized value size = 24, key = null, value = Hello, it's sensor data!)
org.springframework.kafka.listener.ListenerExecutionFailedException: Listener method 'public void com.f5.exersice.kafka.consumer.Receiver.receiveMessage(java.lang.String)' threw exception; nested exception is java.lang.NullPointerException
	at org.springframework.kafka.listener.adapter.MessagingMessageListenerAdapter.invokeHandler(MessagingMessageListenerAdapter.java:166)
	at org.springframework.kafka.listener.adapter.RecordMessagingMessageListenerAdapter.onMessage(RecordMessagingMessageListenerAdapter.java:72)
	at org.springframework.kafka.listener.adapter.RecordMessagingMessageListenerAdapter.onMessage(RecordMessagingMessageListenerAdapter.java:47)
	at org.springframework.kafka.listener.KafkaMessageListenerContainer$ListenerConsumer.invokeRecordListener(KafkaMessageListenerContainer.java:764)
	at org.springframework.kafka.listener.KafkaMessageListenerContainer$ListenerConsumer.invokeListener(KafkaMessageListenerContainer.java:708)
	at org.springframework.kafka.listener.KafkaMessageListenerContainer$ListenerConsumer.access$2500(KafkaMessageListenerContainer.java:230)
	at org.springframework.kafka.listener.KafkaMessageListenerContainer$ListenerConsumer$ListenerInvoker.run(KafkaMessageListenerContainer.java:981)
	at java.util.concurrent.Executors$RunnableAdapter.call(Executors.java:511)
	at java.util.concurrent.FutureTask.run(FutureTask.java:266)
	at java.lang.Thread.run(Thread.java:745)
Caused by: java.lang.NullPointerException: null
	at java.util.concurrent.ThreadPoolExecutor.execute(ThreadPoolExecutor.java:1334)
	at org.springframework.scheduling.concurrent.ThreadPoolTaskExecutor.execute(ThreadPoolTaskExecutor.java:293)
	at com.f5.exersice.kafka.consumer.Receiver.receiveMessage(Receiver.java:61)
	at sun.reflect.NativeMethodAccessorImpl.invoke0(Native Method)
	at sun.reflect.NativeMethodAccessorImpl.invoke(NativeMethodAccessorImpl.java:62)
	at sun.reflect.DelegatingMethodAccessorImpl.invoke(DelegatingMethodAccessorImpl.java:43)
	at java.lang.reflect.Method.invoke(Method.java:498)
	at org.springframework.messaging.handler.invocation.InvocableHandlerMethod.doInvoke(InvocableHandlerMethod.java:196)
	at org.springframework.messaging.handler.invocation.InvocableHandlerMethod.invoke(InvocableHandlerMethod.java:113)
	at org.springframework.kafka.listener.adapter.HandlerAdapter.invoke(HandlerAdapter.java:48)
	at org.springframework.kafka.listener.adapter.MessagingMessageListenerAdapter.invokeHandler(MessagingMessageListenerAdapter.java:152)
	... 9 common frames omitted
18:58:37.821 INFO  [main][AnnotationConfigApplicationContext] Refreshing org.springframework.context.annotation.AnnotationConfigApplicationContext@29526c05: startup date [Wed Dec 07 18:58:37 IST 2016]; root of context hierarchy
18:58:38.545 INFO  [main][PostProcessorRegistrationDelegate$BeanPostProcessorChecker] Bean 'org.springframework.kafka.annotation.KafkaBootstrapConfiguration' of type [class org.springframework.kafka.annotation.KafkaBootstrapConfiguration$$EnhancerBySpringCGLIB$$888df4ec] is not eligible for getting processed by all BeanPostProcessors (for example: not eligible for auto-proxying)
18:58:38.767 INFO  [main][ThreadPoolTaskExecutor] Initializing ExecutorService 
18:58:39.221 INFO  [main][AnnotationMBeanExporter] Registering beans for JMX exposure on startup
18:58:39.230 INFO  [main][DefaultLifecycleProcessor] Starting beans in phase 0
18:58:39.631 INFO  [org.springframework.kafka.KafkaListenerEndpointContainer#0-0-kafka-consumer-1][KafkaMessageListenerContainer] partitions revoked:[]
18:58:39.656 INFO  [org.springframework.kafka.KafkaListenerEndpointContainer#0-0-kafka-consumer-1][KafkaMessageListenerContainer] partitions assigned:[f5sensor.data-0]
19:00:48.154 INFO  [main][AnnotationConfigApplicationContext] Refreshing org.springframework.context.annotation.AnnotationConfigApplicationContext@29526c05: startup date [Wed Dec 07 19:00:48 IST 2016]; root of context hierarchy
19:00:48.898 INFO  [main][PostProcessorRegistrationDelegate$BeanPostProcessorChecker] Bean 'org.springframework.kafka.annotation.KafkaBootstrapConfiguration' of type [class org.springframework.kafka.annotation.KafkaBootstrapConfiguration$$EnhancerBySpringCGLIB$$888df4ec] is not eligible for getting processed by all BeanPostProcessors (for example: not eligible for auto-proxying)
19:00:49.136 INFO  [main][ThreadPoolTaskExecutor] Initializing ExecutorService 
19:00:49.845 INFO  [main][AnnotationMBeanExporter] Registering beans for JMX exposure on startup
19:00:49.849 INFO  [main][DefaultLifecycleProcessor] Starting beans in phase 0
19:00:50.242 INFO  [org.springframework.kafka.KafkaListenerEndpointContainer#0-0-kafka-consumer-1][KafkaMessageListenerContainer] partitions revoked:[]
19:00:51.788 INFO  [org.springframework.kafka.KafkaListenerEndpointContainer#0-0-kafka-consumer-1][KafkaMessageListenerContainer] partitions revoked:[f5sensor.data-0]
19:00:51.798 INFO  [org.springframework.kafka.KafkaListenerEndpointContainer#0-0-kafka-consumer-1][KafkaMessageListenerContainer] partitions assigned:[]
19:00:51.798 INFO  [org.springframework.kafka.KafkaListenerEndpointContainer#0-0-kafka-consumer-1][KafkaMessageListenerContainer] partitions assigned:[f5sensor.data-0]
19:01:28.808 INFO  [org.springframework.kafka.KafkaListenerEndpointContainer#0-0-kafka-consumer-1][KafkaMessageListenerContainer$ListenerConsumer] Invoker timed out while waiting for shutdown and will be canceled.
19:01:28.809 INFO  [org.springframework.kafka.KafkaListenerEndpointContainer#0-0-kafka-consumer-1][KafkaMessageListenerContainer] partitions revoked:[f5sensor.data-0]
19:01:33.852 ERROR [org.springframework.kafka.KafkaListenerEndpointContainer#0-0-kafka-consumer-1][KafkaMessageListenerContainer$ListenerConsumer] Container exception
org.apache.kafka.clients.consumer.CommitFailedException: Commit cannot be completed since the group has already rebalanced and assigned the partitions to another member. This means that the time between subsequent calls to poll() was longer than the configured session.timeout.ms, which typically implies that the poll loop is spending too much time message processing. You can address this either by increasing the session timeout or by reducing the maximum size of batches returned in poll() with max.poll.records.
	at org.apache.kafka.clients.consumer.internals.ConsumerCoordinator$OffsetCommitResponseHandler.handle(ConsumerCoordinator.java:600)
	at org.apache.kafka.clients.consumer.internals.ConsumerCoordinator$OffsetCommitResponseHandler.handle(ConsumerCoordinator.java:541)
	at org.apache.kafka.clients.consumer.internals.AbstractCoordinator$CoordinatorResponseHandler.onSuccess(AbstractCoordinator.java:679)
	at org.apache.kafka.clients.consumer.internals.AbstractCoordinator$CoordinatorResponseHandler.onSuccess(AbstractCoordinator.java:658)
	at org.apache.kafka.clients.consumer.internals.RequestFuture$1.onSuccess(RequestFuture.java:167)
	at org.apache.kafka.clients.consumer.internals.RequestFuture.fireSuccess(RequestFuture.java:133)
	at org.apache.kafka.clients.consumer.internals.RequestFuture.complete(RequestFuture.java:107)
	at org.apache.kafka.clients.consumer.internals.ConsumerNetworkClient$RequestFutureCompletionHandler.onComplete(ConsumerNetworkClient.java:426)
	at org.apache.kafka.clients.NetworkClient.poll(NetworkClient.java:278)
	at org.apache.kafka.clients.consumer.internals.ConsumerNetworkClient.clientPoll(ConsumerNetworkClient.java:360)
	at org.apache.kafka.clients.consumer.internals.ConsumerNetworkClient.poll(ConsumerNetworkClient.java:224)
	at org.apache.kafka.clients.consumer.internals.ConsumerNetworkClient.poll(ConsumerNetworkClient.java:192)
	at org.apache.kafka.clients.consumer.internals.ConsumerNetworkClient.poll(ConsumerNetworkClient.java:163)
	at org.apache.kafka.clients.consumer.internals.ConsumerCoordinator.commitOffsetsSync(ConsumerCoordinator.java:426)
	at org.apache.kafka.clients.consumer.KafkaConsumer.commitSync(KafkaConsumer.java:1059)
	at org.springframework.kafka.listener.KafkaMessageListenerContainer$ListenerConsumer.commitIfNecessary(KafkaMessageListenerContainer.java:939)
	at org.springframework.kafka.listener.KafkaMessageListenerContainer$ListenerConsumer.processCommits(KafkaMessageListenerContainer.java:816)
	at org.springframework.kafka.listener.KafkaMessageListenerContainer$ListenerConsumer.run(KafkaMessageListenerContainer.java:526)
	at java.util.concurrent.Executors$RunnableAdapter.call(Executors.java:511)
	at java.util.concurrent.FutureTask.run(FutureTask.java:266)
	at java.lang.Thread.run(Thread.java:745)
19:01:33.865 INFO  [org.springframework.kafka.KafkaListenerEndpointContainer#0-0-kafka-consumer-1][KafkaMessageListenerContainer] partitions assigned:[f5sensor.data-0]
